# JRE version: Java(TM) SE Runtime Environment (8.0_101-b13) (build 1.8.0_101-b13)
# Java VM: Java HotSpot(TM) 64-Bit Server VM (25.101-b13 mixed mode linux-amd64 compressed oops)
Heap:
 PSYoungGen      total 132096K, used 33354K [0x00000000d6f00000, 0x00000000e4a00000, 0x0000000100000000)
  eden space 126976K, 22% used [0x00000000d6f00000,0x00000000d8a98998,0x00000000deb00000)
  from space 5120K, 99% used [0x00000000deb00000,0x00000000deffa0b8,0x00000000df000000)
  to   space 14848K, 0% used [0x00000000e3b80000,0x00000000e3b80000,0x00000000e4a00000)
 ParOldGen       total 63488K, used 18399K [0x0000000084c00000, 0x0000000088a00000, 0x00000000d6f00000)
  object space 63488K, 28% used [0x0000000084c00000,0x0000000085df7da0,0x0000000088a00000)
 Metaspace       used 31711K, capacity 32066K, committed 32560K, reserved 1077248K
  class space    used 3787K, capacity 3876K, committed 3888K, reserved 1048576K
GC Heap History (10 events):
Event: 1.725 GC heap before
{Heap before GC invocations=2 (full 0):
 PSYoungGen      total 36864K, used 35943K [0x00000000d6f00000, 0x00000000db700000, 0x0000000100000000)
  eden space 31744K, 100% used [0x00000000d6f00000,0x00000000d8e00000,0x00000000d8e00000)
  from space 5120K, 82% used [0x00000000d8e00000,0x00000000d9219eb8,0x00000000d9300000)
  to   space 5120K, 0% used [0x00000000db200000,0x00000000db200000,0x00000000db700000)
 ParOldGen       total 84992K, used 8K [0x0000000084c00000, 0x0000000089f00000, 0x00000000d6f00000)
  object space 84992K, 0% used [0x0000000084c00000,0x0000000084c02000,0x0000000089f00000)
 Metaspace       used 12027K, capacity 12220K, committed 12544K, reserved 1060864K
  class space    used 1459K, capacity 1500K, committed 1536K, reserved 1048576K
Event: 1.748 GC heap after
Heap after GC invocations=2 (full 0):
 PSYoungGen      total 68608K, used 5098K [0x00000000d6f00000, 0x00000000db700000, 0x0000000100000000)
  eden space 63488K, 0% used [0x00000000d6f00000,0x00000000d6f00000,0x00000000dad00000)
  from space 5120K, 99% used [0x00000000db200000,0x00000000db6faa38,0x00000000db700000)
  to   space 5120K, 0% used [0x00000000dad00000,0x00000000dad00000,0x00000000db200000)
 ParOldGen       total 84992K, used 787K [0x0000000084c00000, 0x0000000089f00000, 0x00000000d6f00000)
  object space 84992K, 0% used [0x0000000084c00000,0x0000000084cc4e98,0x0000000089f00000)
 Metaspace       used 12027K, capacity 12220K, committed 12544K, reserved 1060864K
  class space    used 1459K, capacity 1500K, committed 1536K, reserved 1048576K
}
Event: 3.061 GC heap before
{Heap before GC invocations=3 (full 0):
 PSYoungGen      total 68608K, used 68586K [0x00000000d6f00000, 0x00000000db700000, 0x0000000100000000)
  eden space 63488K, 100% used [0x00000000d6f00000,0x00000000dad00000,0x00000000dad00000)
  from space 5120K, 99% used [0x00000000db200000,0x00000000db6faa38,0x00000000db700000)
  to   space 5120K, 0% used [0x00000000dad00000,0x00000000dad00000,0x00000000db200000)
 ParOldGen       total 84992K, used 787K [0x0000000084c00000, 0x0000000089f00000, 0x00000000d6f00000)
  object space 84992K, 0% used [0x0000000084c00000,0x0000000084cc4e98,0x0000000089f00000)
 Metaspace       used 17488K, capacity 17780K, committed 18048K, reserved 1064960K
  class space    used 2108K, capacity 2170K, committed 2176K, reserved 1048576K
Event: 3.081 GC heap after
Heap after GC invocations=3 (full 0):
 PSYoungGen      total 68608K, used 5088K [0x00000000d6f00000, 0x00000000df500000, 0x0000000100000000)
  eden space 63488K, 0% used [0x00000000d6f00000,0x00000000d6f00000,0x00000000dad00000)
  from space 5120K, 99% used [0x00000000dad00000,0x00000000db1f8020,0x00000000db200000)
  to   space 5120K, 0% used [0x00000000df000000,0x00000000df000000,0x00000000df500000)
 ParOldGen       total 84992K, used 4637K [0x0000000084c00000, 0x0000000089f00000, 0x00000000d6f00000)
  object space 84992K, 5% used [0x0000000084c00000,0x00000000850874e0,0x0000000089f00000)
 Metaspace       used 17488K, capacity 17780K, committed 18048K, reserved 1064960K
  class space    used 2108K, capacity 2170K, committed 2176K, reserved 1048576K
}
Event: 3.613 GC heap before
{Heap before GC invocations=4 (full 0):
 PSYoungGen      total 68608K, used 38991K [0x00000000d6f00000, 0x00000000df500000, 0x0000000100000000)
  eden space 63488K, 53% used [0x00000000d6f00000,0x00000000d901bcd0,0x00000000dad00000)
  from space 5120K, 99% used [0x00000000dad00000,0x00000000db1f8020,0x00000000db200000)
  to   space 5120K, 0% used [0x00000000df000000,0x00000000df000000,0x00000000df500000)
 ParOldGen       total 84992K, used 4637K [0x0000000084c00000, 0x0000000089f00000, 0x00000000d6f00000)
  object space 84992K, 5% used [0x0000000084c00000,0x00000000850874e0,0x0000000089f00000)
 Metaspace       used 20714K, capacity 20948K, committed 21296K, reserved 1069056K
  class space    used 2526K, capacity 2586K, committed 2608K, reserved 1048576K
Event: 3.646 GC heap after
Heap after GC invocations=4 (full 0):
 PSYoungGen      total 132096K, used 5104K [0x00000000d6f00000, 0x00000000df500000, 0x0000000100000000)
  eden space 126976K, 0% used [0x00000000d6f00000,0x00000000d6f00000,0x00000000deb00000)
  from space 5120K, 99% used [0x00000000df000000,0x00000000df4fc030,0x00000000df500000)
  to   space 5120K, 0% used [0x00000000deb00000,0x00000000deb00000,0x00000000df000000)
 ParOldGen       total 84992K, used 9893K [0x0000000084c00000, 0x0000000089f00000, 0x00000000d6f00000)
  object space 84992K, 11% used [0x0000000084c00000,0x00000000855a9720,0x0000000089f00000)
 Metaspace       used 20714K, capacity 20948K, committed 21296K, reserved 1069056K
  class space    used 2526K, capacity 2586K, committed 2608K, reserved 1048576K
}
Event: 3.646 GC heap before
{Heap before GC invocations=5 (full 1):
 PSYoungGen      total 132096K, used 5104K [0x00000000d6f00000, 0x00000000df500000, 0x0000000100000000)
  eden space 126976K, 0% used [0x00000000d6f00000,0x00000000d6f00000,0x00000000deb00000)
  from space 5120K, 99% used [0x00000000df000000,0x00000000df4fc030,0x00000000df500000)
  to   space 5120K, 0% used [0x00000000deb00000,0x00000000deb00000,0x00000000df000000)
 ParOldGen       total 84992K, used 9893K [0x0000000084c00000, 0x0000000089f00000, 0x00000000d6f00000)
  object space 84992K, 11% used [0x0000000084c00000,0x00000000855a9720,0x0000000089f00000)
 Metaspace       used 20714K, capacity 20948K, committed 21296K, reserved 1069056K
  class space    used 2526K, capacity 2586K, committed 2608K, reserved 1048576K
Event: 3.728 GC heap after
Heap after GC invocations=5 (full 1):
 PSYoungGen      total 132096K, used 0K [0x00000000d6f00000, 0x00000000df500000, 0x0000000100000000)
  eden space 126976K, 0% used [0x00000000d6f00000,0x00000000d6f00000,0x00000000deb00000)
  from space 5120K, 0% used [0x00000000df000000,0x00000000df000000,0x00000000df500000)
  to   space 5120K, 0% used [0x00000000deb00000,0x00000000deb00000,0x00000000df000000)
 ParOldGen       total 63488K, used 11456K [0x0000000084c00000, 0x0000000088a00000, 0x00000000d6f00000)
  object space 63488K, 18% used [0x0000000084c00000,0x00000000857302c0,0x0000000088a00000)
 Metaspace       used 20714K, capacity 20948K, committed 21296K, reserved 1069056K
  class space    used 2526K, capacity 2586K, committed 2608K, reserved 1048576K
}
Event: 11.012 GC heap before
{Heap before GC invocations=6 (full 1):
 PSYoungGen      total 132096K, used 126976K [0x00000000d6f00000, 0x00000000df500000, 0x0000000100000000)
  eden space 126976K, 100% used [0x00000000d6f00000,0x00000000deb00000,0x00000000deb00000)
  from space 5120K, 0% used [0x00000000df000000,0x00000000df000000,0x00000000df500000)
  to   space 5120K, 0% used [0x00000000deb00000,0x00000000deb00000,0x00000000df000000)
 ParOldGen       total 63488K, used 11456K [0x0000000084c00000, 0x0000000088a00000, 0x00000000d6f00000)
  object space 63488K, 18% used [0x0000000084c00000,0x00000000857302c0,0x0000000088a00000)
 Metaspace       used 30389K, capacity 30684K, committed 31280K, reserved 1077248K
  class space    used 3675K, capacity 3778K, committed 3888K, reserved 1048576K
Event: 11.051 GC heap after
Heap after GC invocations=6 (full 1):
 PSYoungGen      total 132096K, used 5096K [0x00000000d6f00000, 0x00000000e4a00000, 0x0000000100000000)
  eden space 126976K, 0% used [0x00000000d6f00000,0x00000000d6f00000,0x00000000deb00000)
  from space 5120K, 99% used [0x00000000deb00000,0x00000000deffa0b8,0x00000000df000000)
  to   space 14848K, 0% used [0x00000000e3b80000,0x00000000e3b80000,0x00000000e4a00000)
 ParOldGen       total 63488K, used 18399K [0x0000000084c00000, 0x0000000088a00000, 0x00000000d6f00000)
  object space 63488K, 28% used [0x0000000084c00000,0x0000000085df7da0,0x0000000088a00000)
 Metaspace       used 30389K, capacity 30684K, committed 31280K, reserved 1077248K
  class space    used 3675K, capacity 3778K, committed 3888K, reserved 1048576K
}

